0 info it worked if it ends with ok
1 verbose cli [ 'node', '/usr/local/bin/npm', 'start' ]
2 info using npm@2.14.3
3 info using node@v0.8.22
4 verbose run-script [ 'prestart', 'start', 'poststart' ]
5 info prestart Octanis1-Mission-Base-Station@0.0.0
6 info start Octanis1-Mission-Base-Station@0.0.0
7 verbose unsafe-perm in lifecycle true
8 info Octanis1-Mission-Base-Station@0.0.0 Failed to exec start script
9 verbose stack Error: Octanis1-Mission-Base-Station@0.0.0 start: `node ./bin/www`
9 verbose stack Exit status 1
9 verbose stack     at EventEmitter.<anonymous> (/usr/local/lib/node_modules/npm/lib/utils/lifecycle.js:214:16)
9 verbose stack     at EventEmitter.emit (events.js:99:17)
9 verbose stack     at ChildProcess.<anonymous> (/usr/local/lib/node_modules/npm/lib/utils/spawn.js:24:14)
9 verbose stack     at ChildProcess.EventEmitter.emit (events.js:99:17)
9 verbose stack     at maybeClose (child_process.js:638:16)
9 verbose stack     at Process._handle.onexit (child_process.js:680:5)
10 verbose pkgid Octanis1-Mission-Base-Station@0.0.0
11 verbose cwd /Users/sam/Octanis/Octanis1-Mission-Base-Station
12 error Darwin 15.0.0
13 error argv "node" "/usr/local/bin/npm" "start"
14 error node v0.8.22
15 error npm  v2.14.3
16 error code ELIFECYCLE
17 error Octanis1-Mission-Base-Station@0.0.0 start: `node ./bin/www`
17 error Exit status 1
18 error Failed at the Octanis1-Mission-Base-Station@0.0.0 start script 'node ./bin/www'.
18 error This is most likely a problem with the Octanis1-Mission-Base-Station package,
18 error not with npm itself.
18 error Tell the author that this fails on your system:
18 error     node ./bin/www
18 error You can get their info via:
18 error     npm owner ls Octanis1-Mission-Base-Station
18 error There is likely additional logging output above.
19 verbose exit [ 1, true ]
